Start testing: Oct 27 00:35 UTC
----------------------------------------------------------
1/2 Testing: btree_test
1/2 Test: btree_test
Command: "/workspaces/lab3.1/build/test/btree_test" "--gtest_color=yes" "--gtest_output=xml:/workspaces/lab3.1/build/test/unit_btree_test.xml"
Directory: /workspaces/lab3.1/build
"btree_test" start time: Oct 27 00:35 UTC
Output:
----------------------------------------------------------
[0;32m[==========] [mRunning 11 tests from 1 test case.
[0;32m[----------] [mGlobal test environment set-up.
[0;32m[----------] [m11 tests from BTreeTest
[0;32m[ RUN      ] [mBTreeTest.InsertEmptyTree
/workspaces/lab3.1/test/unit/index/btree_test.cc:29: Failure
Value of: tree.root
  Actual: false
Expected: true
inserting an element into an empty B-Tree does not create a node.
[0;31m[  FAILED  ] [mBTreeTest.InsertEmptyTree (0 ms)
[0;32m[ RUN      ] [mBTreeTest.InsertLeafNode
/workspaces/lab3.1/test/unit/index/btree_test.cc:52: Failure
Value of: tree.root
  Actual: false
Expected: true
[0;31m[  FAILED  ] [mBTreeTest.InsertLeafNode (0 ms)
[0;32m[ RUN      ] [mBTreeTest.InsertLeafNodeSplit
/workspaces/lab3.1/test/unit/index/btree_test.cc:75: Failure
Value of: tree.root
  Actual: false
Expected: true
[0;31m[  FAILED  ] [mBTreeTest.InsertLeafNodeSplit (1 ms)
[0;32m[ RUN      ] [mBTreeTest.LookupEmptyTree
[0;32m[       OK ] [mBTreeTest.LookupEmptyTree (0 ms)
[0;32m[ RUN      ] [mBTreeTest.LookupSingleLeaf
/workspaces/lab3.1/test/unit/index/btree_test.cc:121: Failure
Value of: tree.lookup(i)
  Actual: false
Expected: true
searching for the just inserted key k=0 yields nothing
[0;31m[  FAILED  ] [mBTreeTest.LookupSingleLeaf (0 ms)
[0;32m[ RUN      ] [mBTreeTest.LookupSingleSplit
/workspaces/lab3.1/test/unit/index/btree_test.cc:143: Failure
Value of: tree.lookup(BTree::LeafNode::kCapacity)
  Actual: false
Expected: true
searching for the just inserted key k=64 yields nothing
[0;31m[  FAILED  ] [mBTreeTest.LookupSingleSplit (0 ms)
[0;32m[ RUN      ] [mBTreeTest.LookupMultipleSplitsIncreasing
/workspaces/lab3.1/test/unit/index/btree_test.cc:163: Failure
Value of: tree.lookup(i)
  Actual: false
Expected: true
searching for the just inserted key k=0 yields nothing
[0;31m[  FAILED  ] [mBTreeTest.LookupMultipleSplitsIncreasing (0 ms)
[0;32m[ RUN      ] [mBTreeTest.LookupMultipleSplitsDecreasing
/workspaces/lab3.1/test/unit/index/btree_test.cc:183: Failure
Value of: tree.lookup(i)
  Actual: false
Expected: true
searching for the just inserted key k=630 yields nothing
[0;31m[  FAILED  ] [mBTreeTest.LookupMultipleSplitsDecreasing (0 ms)
[0;32m[ RUN      ] [mBTreeTest.LookupRandomNonRepeating
/workspaces/lab3.1/test/unit/index/btree_test.cc:209: Failure
Value of: tree.lookup(keys[i])
  Actual: false
Expected: true
searching for the just inserted key k=837 after i=0 inserts yields nothing
[0;31m[  FAILED  ] [mBTreeTest.LookupRandomNonRepeating (0 ms)
[0;32m[ RUN      ] [mBTreeTest.LookupRandomRepeating
/workspaces/lab3.1/test/unit/index/btree_test.cc:239: Failure
Value of: v
  Actual: false
Expected: true
searching for the just inserted key k=15 after i=0 inserts yields nothing
[0;31m[  FAILED  ] [mBTreeTest.LookupRandomRepeating (0 ms)
[0;32m[ RUN      ] [mBTreeTest.Erase
/workspaces/lab3.1/test/unit/index/btree_test.cc:268: Failure
Value of: tree.lookup(i)
  Actual: false
Expected: true
k=0 was not in the tree
[0;31m[  FAILED  ] [mBTreeTest.Erase (0 ms)
[0;32m[----------] [m11 tests from BTreeTest (1 ms total)

[0;32m[----------] [mGlobal test environment tear-down
[0;32m[==========] [m11 tests from 1 test case ran. (1 ms total)
[0;32m[  PASSED  ] [m1 test.
[0;31m[  FAILED  ] [m10 tests, listed below:
[0;31m[  FAILED  ] [mBTreeTest.InsertEmptyTree
[0;31m[  FAILED  ] [mBTreeTest.InsertLeafNode
[0;31m[  FAILED  ] [mBTreeTest.InsertLeafNodeSplit
[0;31m[  FAILED  ] [mBTreeTest.LookupSingleLeaf
[0;31m[  FAILED  ] [mBTreeTest.LookupSingleSplit
[0;31m[  FAILED  ] [mBTreeTest.LookupMultipleSplitsIncreasing
[0;31m[  FAILED  ] [mBTreeTest.LookupMultipleSplitsDecreasing
[0;31m[  FAILED  ] [mBTreeTest.LookupRandomNonRepeating
[0;31m[  FAILED  ] [mBTreeTest.LookupRandomRepeating
[0;31m[  FAILED  ] [mBTreeTest.Erase

10 FAILED TESTS
<end of output>
Test time =   0.01 sec
----------------------------------------------------------
Test Failed.
"btree_test" end time: Oct 27 00:35 UTC
"btree_test" time elapsed: 00:00:00
----------------------------------------------------------

2/2 Testing: btree_test_valgrind
2/2 Test: btree_test_valgrind
Command: "/usr/bin/valgrind" "--error-exitcode=1" "--leak-check=full" "--soname-synonyms=somalloc=*jemalloc*" "--trace-children=yes" "--track-origins=yes" "--suppressions=/workspaces/lab3.1/script/valgrind.supp" "/workspaces/lab3.1/build/test/btree_test_valgrind" "--gtest_color=yes" "--gtest_output=xml:/workspaces/lab3.1/build/test/unit_btree_test_valgrind.xml"
Directory: /workspaces/lab3.1/build
"btree_test_valgrind" start time: Oct 27 00:35 UTC
Output:
----------------------------------------------------------
==29646== Memcheck, a memory error detector
==29646== Copyright (C) 2002-2017, and GNU GPL'd, by Julian Seward et al.
==29646== Using Valgrind-3.18.1 and LibVEX; rerun with -h for copyright info
==29646== Command: /workspaces/lab3.1/build/test/btree_test_valgrind --gtest_color=yes --gtest_output=xml:/workspaces/lab3.1/build/test/unit_btree_test_valgrind.xml
==29646== 
[0;32m[==========] [mRunning 11 tests from 1 test case.
[0;32m[----------] [mGlobal test environment set-up.
[0;32m[----------] [m11 tests from BTreeTest
[0;32m[ RUN      ] [mBTreeTest.InsertEmptyTree
/workspaces/lab3.1/test/unit/index/btree_test.cc:29: Failure
Value of: tree.root
  Actual: false
Expected: true
inserting an element into an empty B-Tree does not create a node.
[0;31m[  FAILED  ] [mBTreeTest.InsertEmptyTree (186 ms)
[0;32m[ RUN      ] [mBTreeTest.InsertLeafNode
/workspaces/lab3.1/test/unit/index/btree_test.cc:52: Failure
Value of: tree.root
  Actual: false
Expected: true
[0;31m[  FAILED  ] [mBTreeTest.InsertLeafNode (43 ms)
[0;32m[ RUN      ] [mBTreeTest.InsertLeafNodeSplit
/workspaces/lab3.1/test/unit/index/btree_test.cc:75: Failure
Value of: tree.root
  Actual: false
Expected: true
[0;31m[  FAILED  ] [mBTreeTest.InsertLeafNodeSplit (23 ms)
[0;32m[ RUN      ] [mBTreeTest.LookupEmptyTree
[0;32m[       OK ] [mBTreeTest.LookupEmptyTree (7 ms)
[0;32m[ RUN      ] [mBTreeTest.LookupSingleLeaf
/workspaces/lab3.1/test/unit/index/btree_test.cc:121: Failure
Value of: tree.lookup(i)
  Actual: false
Expected: true
searching for the just inserted key k=0 yields nothing
[0;31m[  FAILED  ] [mBTreeTest.LookupSingleLeaf (16 ms)
[0;32m[ RUN      ] [mBTreeTest.LookupSingleSplit
/workspaces/lab3.1/test/unit/index/btree_test.cc:143: Failure
Value of: tree.lookup(BTree::LeafNode::kCapacity)
  Actual: false
Expected: true
searching for the just inserted key k=64 yields nothing
[0;31m[  FAILED  ] [mBTreeTest.LookupSingleSplit (26 ms)
[0;32m[ RUN      ] [mBTreeTest.LookupMultipleSplitsIncreasing
/workspaces/lab3.1/test/unit/index/btree_test.cc:163: Failure
Value of: tree.lookup(i)
  Actual: false
Expected: true
searching for the just inserted key k=0 yields nothing
[0;31m[  FAILED  ] [mBTreeTest.LookupMultipleSplitsIncreasing (11 ms)
[0;32m[ RUN      ] [mBTreeTest.LookupMultipleSplitsDecreasing
/workspaces/lab3.1/test/unit/index/btree_test.cc:183: Failure
Value of: tree.lookup(i)
  Actual: false
Expected: true
searching for the just inserted key k=630 yields nothing
[0;31m[  FAILED  ] [mBTreeTest.LookupMultipleSplitsDecreasing (11 ms)
[0;32m[ RUN      ] [mBTreeTest.LookupRandomNonRepeating
/workspaces/lab3.1/test/unit/index/btree_test.cc:209: Failure
Value of: tree.lookup(keys[i])
  Actual: false
Expected: true
searching for the just inserted key k=837 after i=0 inserts yields nothing
[0;31m[  FAILED  ] [mBTreeTest.LookupRandomNonRepeating (70 ms)
[0;32m[ RUN      ] [mBTreeTest.LookupRandomRepeating
/workspaces/lab3.1/test/unit/index/btree_test.cc:239: Failure
Value of: v
  Actual: false
Expected: true
searching for the just inserted key k=15 after i=0 inserts yields nothing
[0;31m[  FAILED  ] [mBTreeTest.LookupRandomRepeating (14 ms)
[0;32m[ RUN      ] [mBTreeTest.Erase
/workspaces/lab3.1/test/unit/index/btree_test.cc:268: Failure
Value of: tree.lookup(i)
  Actual: false
Expected: true
k=0 was not in the tree
[0;31m[  FAILED  ] [mBTreeTest.Erase (38 ms)
[0;32m[----------] [m11 tests from BTreeTest (479 ms total)

[0;32m[----------] [mGlobal test environment tear-down
[0;32m[==========] [m11 tests from 1 test case ran. (601 ms total)
[0;32m[  PASSED  ] [m1 test.
[0;31m[  FAILED  ] [m10 tests, listed below:
[0;31m[  FAILED  ] [mBTreeTest.InsertEmptyTree
[0;31m[  FAILED  ] [mBTreeTest.InsertLeafNode
[0;31m[  FAILED  ] [mBTreeTest.InsertLeafNodeSplit
[0;31m[  FAILED  ] [mBTreeTest.LookupSingleLeaf
[0;31m[  FAILED  ] [mBTreeTest.LookupSingleSplit
[0;31m[  FAILED  ] [mBTreeTest.LookupMultipleSplitsIncreasing
[0;31m[  FAILED  ] [mBTreeTest.LookupMultipleSplitsDecreasing
[0;31m[  FAILED  ] [mBTreeTest.LookupRandomNonRepeating
[0;31m[  FAILED  ] [mBTreeTest.LookupRandomRepeating
[0;31m[  FAILED  ] [mBTreeTest.Erase

10 FAILED TESTS
==29646== 
==29646== HEAP SUMMARY:
==29646==     in use at exit: 0 bytes in 0 blocks
==29646==   total heap usage: 1,656 allocs, 1,656 frees, 662,805 bytes allocated
==29646== 
==29646== All heap blocks were freed -- no leaks are possible
==29646== 
==29646== For lists of detected and suppressed errors, rerun with: -s
==29646== ERROR SUMMARY: 0 errors from 0 contexts (suppressed: 0 from 0)
<end of output>
Test time =   2.84 sec
----------------------------------------------------------
Test Failed.
"btree_test_valgrind" end time: Oct 27 00:36 UTC
"btree_test_valgrind" time elapsed: 00:00:02
----------------------------------------------------------

End testing: Oct 27 00:36 UTC
